ERROR:[03/25/2022 09:35:08 PM]: Inicio de processo de captura de dados em página por documento.
NoneType: None
ERROR:[03/25/2022 09:36:07 PM]: Inicio de processo de captura de dados em página por documento.
NoneType: None
ERROR:[03/25/2022 09:36:42 PM]: Inicio de processo de captura de dados em página por documento.
NoneType: None
ERROR:[03/25/2022 09:38:01 PM]: Inicio de processo de captura de dados em página por documento.
NoneType: None
ERROR:[03/25/2022 09:38:17 PM]: Inicio de processo de captura de dados em página por documento.
NoneType: None
ERROR:[03/25/2022 09:39:38 PM]: Inicio de processo de captura de dados em página por documento.
NoneType: None
ERROR:[03/25/2022 09:44:27 PM]: Inicio de processo de captura de dados em página por documento.
NoneType: None
ERROR:[03/25/2022 09:45:22 PM]: Inicio de processo de captura de dados em página por documento.
NoneType: None
ERROR:[03/25/2022 09:45:35 PM]: Sucesso
NoneType: None
ERROR:[03/25/2022 09:46:31 PM]: Inicio de processo de captura de dados em página por documento.
NoneType: None
INFO:[03/25/2022 09:46:44 PM]: Sucesso
ERROR:[03/25/2022 09:48:25 PM]: Inicio de processo de captura de dados em página por documento.
NoneType: None
ERROR:[03/25/2022 09:50:19 PM]: Inicio de processo de captura de dados em página por documento.
NoneType: None
INFO:[03/25/2022 09:50:32 PM]: []
INFO:[03/25/2022 09:56:37 PM]: Inicio de processo de captura de dados em página por documento.
INFO:[03/25/2022 09:56:45 PM]: Página acessada
